2025-03-08 16:32:30,829 - system.tradingmodefactory - INFO - 自动注册 custom_mode (src.mode.trading_mode_factory.CustomTradingMode)
2025-03-08 16:32:30,833 - system.tradingmodefactory - INFO - 自动发现完成，注册了 4 个项目
2025-03-08 16:32:30,854 - system.tradingmodefactory - INFO - 创建新的 backtest 实例
2025-03-08 16:33:31,517 - system.tradingmodefactory - INFO - 自动注册 custom_mode (src.mode.trading_mode_factory.CustomTradingMode)
2025-03-08 16:33:31,519 - system.tradingmodefactory - INFO - 自动发现完成，注册了 4 个项目
2025-03-08 16:33:31,523 - system.tradingmodefactory - INFO - 创建新的 backtest 实例
2025-03-08 16:34:16,426 - system.tradingmodefactory - INFO - 自动注册 custom_mode (src.mode.trading_mode_factory.CustomTradingMode)
2025-03-08 16:34:16,436 - system.tradingmodefactory - INFO - 自动发现完成，注册了 4 个项目
2025-03-08 16:34:16,441 - system.tradingmodefactory - INFO - 创建新的 backtest 实例
2025-03-08 16:34:43,147 - system.tradingmodefactory - INFO - 自动注册 custom_mode (src.mode.trading_mode_factory.CustomTradingMode)
2025-03-08 16:34:43,148 - system.tradingmodefactory - INFO - 自动发现完成，注册了 4 个项目
2025-03-08 16:34:43,153 - system.tradingmodefactory - INFO - 创建新的 backtest 实例
2025-03-08 16:41:30,841 - system.tradingmodefactory - INFO - 自动注册 custom_mode (src.mode.trading_mode_factory.CustomTradingMode)
2025-03-08 16:41:30,843 - system.tradingmodefactory - INFO - 自动发现完成，注册了 4 个项目
2025-03-08 16:41:30,847 - system.tradingmodefactory - INFO - 创建新的 backtest 实例
2025-03-08 16:45:11,706 - system.tradingmodefactory - INFO - 自动注册 custom_mode (src.mode.trading_mode_factory.CustomTradingMode)
2025-03-08 16:45:11,708 - system.tradingmodefactory - INFO - 自动发现完成，注册了 4 个项目
2025-03-08 16:45:11,712 - system.tradingmodefactory - INFO - 创建新的 backtest 实例
2025-03-08 16:46:34,569 - system.tradingmodefactory - INFO - 自动注册 custom_mode (src.mode.trading_mode_factory.CustomTradingMode)
2025-03-08 16:46:34,570 - system.tradingmodefactory - INFO - 自动发现完成，注册了 4 个项目
2025-03-08 16:46:34,573 - system.tradingmodefactory - INFO - 创建新的 backtest 实例
2025-03-08 16:48:41,622 - system.tradingmodefactory - INFO - 自动注册 custom_mode (src.mode.trading_mode_factory.CustomTradingMode)
2025-03-08 16:48:41,623 - system.tradingmodefactory - INFO - 自动发现完成，注册了 4 个项目
2025-03-08 16:48:41,627 - system.tradingmodefactory - INFO - 创建新的 backtest 实例
2025-03-08 16:49:45,871 - system.tradingmodefactory - INFO - 自动注册 custom_mode (src.mode.trading_mode_factory.CustomTradingMode)
2025-03-08 16:49:45,874 - system.tradingmodefactory - INFO - 自动发现完成，注册了 4 个项目
2025-03-08 16:49:45,880 - system.tradingmodefactory - INFO - 创建新的 backtest 实例
2025-03-08 16:50:10,275 - system.tradingmodefactory - INFO - 自动注册 custom_mode (src.mode.trading_mode_factory.CustomTradingMode)
2025-03-08 16:50:10,276 - system.tradingmodefactory - INFO - 自动发现完成，注册了 4 个项目
2025-03-08 16:50:10,280 - system.tradingmodefactory - INFO - 创建新的 backtest 实例
2025-03-08 16:51:53,777 - system.tradingmodefactory - INFO - 自动注册 custom_mode (src.mode.trading_mode_factory.CustomTradingMode)
2025-03-08 16:51:53,779 - system.tradingmodefactory - INFO - 自动发现完成，注册了 4 个项目
2025-03-08 16:51:58,120 - system.tradingmodefactory - INFO - 创建新的 backtest 实例
2025-03-08 16:52:30,430 - system.tradingmodefactory - INFO - 自动注册 custom_mode (src.mode.trading_mode_factory.CustomTradingMode)
2025-03-08 16:52:30,432 - system.tradingmodefactory - INFO - 自动发现完成，注册了 4 个项目
2025-03-08 16:52:30,435 - system.tradingmodefactory - INFO - 创建新的 backtest 实例
2025-03-08 16:54:27,782 - system.tradingmodefactory - INFO - 自动注册 custom_mode (src.mode.trading_mode_factory.CustomTradingMode)
2025-03-08 16:54:27,783 - system.tradingmodefactory - INFO - 自动发现完成，注册了 4 个项目
2025-03-08 16:54:27,787 - system.tradingmodefactory - INFO - 创建新的 backtest 实例
2025-03-08 16:55:04,594 - system.tradingmodefactory - INFO - 自动注册 custom_mode (src.mode.trading_mode_factory.CustomTradingMode)
2025-03-08 16:55:04,595 - system.tradingmodefactory - INFO - 自动发现完成，注册了 4 个项目
2025-03-08 16:55:04,599 - system.tradingmodefactory - INFO - 创建新的 backtest 实例
2025-03-08 16:55:23,321 - system.tradingmodefactory - INFO - 自动注册 custom_mode (src.mode.trading_mode_factory.CustomTradingMode)
2025-03-08 16:55:23,323 - system.tradingmodefactory - INFO - 自动发现完成，注册了 4 个项目
2025-03-08 16:55:23,325 - system.tradingmodefactory - INFO - 创建新的 backtest 实例
2025-03-08 16:55:37,471 - system.tradingmodefactory - INFO - 自动注册 custom_mode (src.mode.trading_mode_factory.CustomTradingMode)
2025-03-08 16:55:37,472 - system.tradingmodefactory - INFO - 自动发现完成，注册了 4 个项目
2025-03-08 16:55:37,476 - system.tradingmodefactory - INFO - 创建新的 backtest 实例
2025-03-08 16:56:39,171 - system.tradingmodefactory - INFO - 自动注册 custom_mode (src.mode.trading_mode_factory.CustomTradingMode)
2025-03-08 16:56:39,173 - system.tradingmodefactory - INFO - 自动发现完成，注册了 4 个项目
2025-03-08 16:56:39,177 - system.tradingmodefactory - INFO - 创建新的 backtest 实例
2025-03-08 16:58:24,410 - system.tradingmodefactory - INFO - 自动注册 custom_mode (src.mode.trading_mode_factory.CustomTradingMode)
2025-03-08 16:58:24,412 - system.tradingmodefactory - INFO - 自动发现完成，注册了 4 个项目
2025-03-08 16:58:24,415 - system.tradingmodefactory - INFO - 创建新的 backtest 实例
2025-03-08 17:00:47,759 - system.tradingmodefactory - INFO - 自动注册 custom_mode (src.mode.trading_mode_factory.CustomTradingMode)
2025-03-08 17:00:47,761 - system.tradingmodefactory - INFO - 自动发现完成，注册了 4 个项目
2025-03-08 17:00:47,765 - system.tradingmodefactory - INFO - 创建新的 backtest 实例
2025-03-08 17:02:01,909 - system.tradingmodefactory - INFO - 自动注册 custom_mode (src.mode.trading_mode_factory.CustomTradingMode)
2025-03-08 17:02:01,910 - system.tradingmodefactory - INFO - 自动发现完成，注册了 4 个项目
2025-03-08 17:02:01,913 - system.tradingmodefactory - INFO - 创建新的 backtest 实例
2025-03-08 18:47:53,177 - system.tradingmodefactory - INFO - 自动注册 custom_mode (src.mode.trading_mode_factory.CustomTradingMode)
2025-03-08 18:47:53,178 - system.tradingmodefactory - INFO - 自动发现完成，注册了 4 个项目
2025-03-08 18:47:53,179 - system.tradingmodefactory - INFO - 创建新的 backtest 实例
2025-03-08 18:47:57,928 - system.tradingmodefactory - ERROR - 创建 backtest 失败: 未知策略: simple
2025-03-08 18:47:57,928 - system.tradingmodefactory - ERROR - 创建失败: 创建 backtest 失败: 未知策略: simple
2025-03-08 18:48:48,573 - system.tradingmodefactory - INFO - 自动注册 custom_mode (src.mode.trading_mode_factory.CustomTradingMode)
2025-03-08 18:48:48,574 - system.tradingmodefactory - INFO - 自动发现完成，注册了 4 个项目
2025-03-08 18:48:48,578 - system.tradingmodefactory - INFO - 创建新的 backtest 实例
2025-03-08 18:48:49,251 - system.tradingmodefactory - ERROR - 创建 backtest 失败: 未知策略: simple
2025-03-08 18:48:49,252 - system.tradingmodefactory - ERROR - 创建失败: 创建 backtest 失败: 未知策略: simple
2025-03-08 18:50:27,554 - system.tradingmodefactory - INFO - 自动注册 custom_mode (src.mode.trading_mode_factory.CustomTradingMode)
2025-03-08 18:50:27,555 - system.tradingmodefactory - INFO - 自动发现完成，注册了 4 个项目
2025-03-08 18:50:27,557 - system.tradingmodefactory - INFO - 创建新的 backtest 实例
2025-03-08 18:50:58,971 - system.tradingmodefactory - INFO - 自动注册 custom_mode (src.mode.trading_mode_factory.CustomTradingMode)
2025-03-08 18:50:58,973 - system.tradingmodefactory - INFO - 自动发现完成，注册了 4 个项目
2025-03-08 18:50:58,977 - system.tradingmodefactory - INFO - 创建新的 backtest 实例
2025-03-08 18:54:17,983 - system.tradingmodefactory - INFO - 自动注册 custom_mode (src.mode.trading_mode_factory.CustomTradingMode)
2025-03-08 18:54:17,984 - system.tradingmodefactory - INFO - 自动发现完成，注册了 4 个项目
2025-03-08 18:54:17,989 - system.tradingmodefactory - INFO - 创建新的 backtest 实例
2025-03-08 18:55:46,932 - system.tradingmodefactory - INFO - 自动注册 custom_mode (src.mode.trading_mode_factory.CustomTradingMode)
2025-03-08 18:55:46,933 - system.tradingmodefactory - INFO - 自动发现完成，注册了 4 个项目
2025-03-08 18:55:46,936 - system.tradingmodefactory - INFO - 创建新的 backtest 实例
2025-03-08 18:56:33,673 - system.tradingmodefactory - INFO - 自动注册 custom_mode (src.mode.trading_mode_factory.CustomTradingMode)
2025-03-08 18:56:33,675 - system.tradingmodefactory - INFO - 自动发现完成，注册了 4 个项目
2025-03-08 18:56:33,679 - system.tradingmodefactory - INFO - 创建新的 backtest 实例
2025-03-08 18:57:02,390 - system.tradingmodefactory - INFO - 自动注册 custom_mode (src.mode.trading_mode_factory.CustomTradingMode)
2025-03-08 18:57:02,391 - system.tradingmodefactory - INFO - 自动发现完成，注册了 4 个项目
2025-03-08 18:57:02,395 - system.tradingmodefactory - INFO - 创建新的 backtest 实例
2025-03-08 19:04:00,000 - system.tradingmodefactory - INFO - 自动注册 custom_mode (src.mode.trading_mode_factory.CustomTradingMode)
2025-03-08 19:04:00,003 - system.tradingmodefactory - INFO - 自动发现完成，注册了 4 个项目
2025-03-08 19:04:00,011 - system.tradingmodefactory - INFO - 创建新的 backtest 实例
2025-03-08 19:08:07,512 - system.tradingmodefactory - INFO - 自动注册 custom_mode (src.mode.trading_mode_factory.CustomTradingMode)
2025-03-08 19:08:07,514 - system.tradingmodefactory - INFO - 自动发现完成，注册了 4 个项目
2025-03-08 19:08:07,520 - system.tradingmodefactory - INFO - 创建新的 backtest 实例
2025-03-08 21:57:07,784 - system.tradingmodefactory - INFO - 自动注册 custom_mode (src.mode.trading_mode_factory.CustomTradingMode)
2025-03-08 21:57:07,785 - system.tradingmodefactory - INFO - 自动发现完成，注册了 4 个项目
2025-03-08 21:57:07,787 - system.tradingmodefactory - INFO - 创建新的 backtest 实例
2025-03-08 22:45:14,934 - system.tradingmodefactory - INFO - 自动注册 custom_mode (src.mode.trading_mode_factory.CustomTradingMode)
2025-03-08 22:45:14,936 - system.tradingmodefactory - INFO - 自动发现完成，注册了 4 个项目
2025-03-08 22:45:14,941 - system.tradingmodefactory - INFO - 创建新的 backtest 实例
2025-03-08 22:45:38,798 - system.tradingmodefactory - INFO - 自动注册 custom_mode (src.mode.trading_mode_factory.CustomTradingMode)
2025-03-08 22:45:38,799 - system.tradingmodefactory - INFO - 自动发现完成，注册了 4 个项目
2025-03-08 22:45:38,804 - system.tradingmodefactory - INFO - 创建新的 backtest 实例
2025-03-08 22:45:57,098 - system.tradingmodefactory - INFO - 自动注册 custom_mode (src.mode.trading_mode_factory.CustomTradingMode)
2025-03-08 22:45:57,099 - system.tradingmodefactory - INFO - 自动发现完成，注册了 4 个项目
2025-03-08 22:45:57,104 - system.tradingmodefactory - INFO - 创建新的 backtest 实例
2025-03-08 22:46:16,528 - system.tradingmodefactory - INFO - 自动注册 custom_mode (src.mode.trading_mode_factory.CustomTradingMode)
2025-03-08 22:46:16,529 - system.tradingmodefactory - INFO - 自动发现完成，注册了 4 个项目
2025-03-08 22:46:16,535 - system.tradingmodefactory - INFO - 创建新的 backtest 实例
2025-03-08 22:47:09,847 - system.tradingmodefactory - INFO - 自动注册 custom_mode (src.mode.trading_mode_factory.CustomTradingMode)
2025-03-08 22:47:09,849 - system.tradingmodefactory - INFO - 自动发现完成，注册了 4 个项目
2025-03-08 22:47:09,853 - system.tradingmodefactory - INFO - 创建新的 backtest 实例
2025-03-08 23:05:46,643 - system.tradingmodefactory - INFO - 自动注册 custom_mode (src.mode.trading_mode_factory.CustomTradingMode)
2025-03-08 23:05:46,645 - system.tradingmodefactory - INFO - 自动发现完成，注册了 4 个项目
2025-03-08 23:05:46,649 - system.tradingmodefactory - INFO - 创建新的 backtest 实例
2025-03-08 23:06:51,219 - system.tradingmodefactory - INFO - 自动注册 custom_mode (src.mode.trading_mode_factory.CustomTradingMode)
2025-03-08 23:06:51,222 - system.tradingmodefactory - INFO - 自动发现完成，注册了 4 个项目
2025-03-08 23:06:51,228 - system.tradingmodefactory - INFO - 创建新的 backtest 实例
2025-03-08 23:07:52,638 - system.tradingmodefactory - INFO - 自动注册 custom_mode (src.mode.trading_mode_factory.CustomTradingMode)
2025-03-08 23:07:52,639 - system.tradingmodefactory - INFO - 自动发现完成，注册了 4 个项目
2025-03-08 23:07:52,646 - system.tradingmodefactory - INFO - 创建新的 backtest 实例
2025-03-08 23:07:59,554 - system.tradingmodefactory - INFO - 自动注册 custom_mode (src.mode.trading_mode_factory.CustomTradingMode)
2025-03-08 23:07:59,556 - system.tradingmodefactory - INFO - 自动发现完成，注册了 4 个项目
2025-03-08 23:07:59,562 - system.tradingmodefactory - INFO - 创建新的 backtest 实例
2025-03-08 23:18:30,503 - system.tradingmodefactory - INFO - 自动注册 custom_mode (src.mode.trading_mode_factory.CustomTradingMode)
2025-03-08 23:18:30,506 - system.tradingmodefactory - INFO - 自动发现完成，注册了 4 个项目
2025-03-08 23:18:30,514 - system.tradingmodefactory - INFO - 创建新的 backtest 实例
2025-03-08 23:19:08,174 - system.tradingmodefactory - INFO - 自动注册 custom_mode (src.mode.trading_mode_factory.CustomTradingMode)
2025-03-08 23:19:08,175 - system.tradingmodefactory - INFO - 自动发现完成，注册了 4 个项目
2025-03-08 23:19:08,179 - system.tradingmodefactory - INFO - 创建新的 backtest 实例
2025-03-08 23:26:31,455 - system.tradingmodefactory - INFO - 自动注册 custom_mode (src.mode.trading_mode_factory.CustomTradingMode)
2025-03-08 23:26:31,457 - system.tradingmodefactory - INFO - 自动发现完成，注册了 4 个项目
2025-03-08 23:26:31,462 - system.tradingmodefactory - INFO - 创建新的 backtest 实例
2025-03-08 23:27:27,801 - system.tradingmodefactory - INFO - 自动注册 custom_mode (src.mode.trading_mode_factory.CustomTradingMode)
2025-03-08 23:27:27,802 - system.tradingmodefactory - INFO - 自动发现完成，注册了 4 个项目
2025-03-08 23:27:27,808 - system.tradingmodefactory - INFO - 创建新的 backtest 实例
2025-03-08 23:27:39,986 - system.tradingmodefactory - INFO - 自动注册 custom_mode (src.mode.trading_mode_factory.CustomTradingMode)
2025-03-08 23:27:39,988 - system.tradingmodefactory - INFO - 自动发现完成，注册了 4 个项目
2025-03-08 23:27:39,994 - system.tradingmodefactory - INFO - 创建新的 backtest 实例
2025-03-08 23:27:54,458 - system.tradingmodefactory - INFO - 自动注册 custom_mode (src.mode.trading_mode_factory.CustomTradingMode)
2025-03-08 23:27:54,460 - system.tradingmodefactory - INFO - 自动发现完成，注册了 4 个项目
2025-03-08 23:27:54,463 - system.tradingmodefactory - INFO - 创建新的 backtest 实例
2025-03-08 23:28:34,587 - system.tradingmodefactory - INFO - 自动注册 custom_mode (src.mode.trading_mode_factory.CustomTradingMode)
2025-03-08 23:28:34,587 - system.tradingmodefactory - INFO - 自动发现完成，注册了 4 个项目
2025-03-08 23:28:34,591 - system.tradingmodefactory - INFO - 创建新的 backtest 实例
2025-03-08 23:29:17,128 - system.tradingmodefactory - INFO - 自动注册 custom_mode (src.mode.trading_mode_factory.CustomTradingMode)
2025-03-08 23:29:17,130 - system.tradingmodefactory - INFO - 自动发现完成，注册了 4 个项目
2025-03-08 23:29:17,135 - system.tradingmodefactory - INFO - 创建新的 backtest 实例
2025-03-08 23:29:35,479 - system.tradingmodefactory - INFO - 自动注册 custom_mode (src.mode.trading_mode_factory.CustomTradingMode)
2025-03-08 23:29:35,480 - system.tradingmodefactory - INFO - 自动发现完成，注册了 4 个项目
2025-03-08 23:29:35,484 - system.tradingmodefactory - INFO - 创建新的 backtest 实例
2025-03-08 23:29:59,913 - system.tradingmodefactory - INFO - 自动注册 custom_mode (src.mode.trading_mode_factory.CustomTradingMode)
2025-03-08 23:29:59,914 - system.tradingmodefactory - INFO - 自动发现完成，注册了 4 个项目
2025-03-08 23:29:59,919 - system.tradingmodefactory - INFO - 创建新的 backtest 实例
2025-03-08 23:30:15,119 - system.tradingmodefactory - INFO - 自动注册 custom_mode (src.mode.trading_mode_factory.CustomTradingMode)
2025-03-08 23:30:15,121 - system.tradingmodefactory - INFO - 自动发现完成，注册了 4 个项目
2025-03-08 23:30:15,125 - system.tradingmodefactory - INFO - 创建新的 backtest 实例
2025-03-08 23:30:28,619 - system.tradingmodefactory - INFO - 自动注册 custom_mode (src.mode.trading_mode_factory.CustomTradingMode)
2025-03-08 23:30:28,620 - system.tradingmodefactory - INFO - 自动发现完成，注册了 4 个项目
2025-03-08 23:30:28,624 - system.tradingmodefactory - INFO - 创建新的 backtest 实例
2025-03-08 23:35:17,168 - system.tradingmodefactory - INFO - 自动注册 custom_mode (src.mode.trading_mode_factory.CustomTradingMode)
2025-03-08 23:35:17,170 - system.tradingmodefactory - INFO - 自动发现完成，注册了 4 个项目
2025-03-08 23:35:17,174 - system.tradingmodefactory - INFO - 创建新的 backtest 实例
2025-03-08 23:35:27,495 - system.tradingmodefactory - INFO - 自动注册 custom_mode (src.mode.trading_mode_factory.CustomTradingMode)
2025-03-08 23:35:27,496 - system.tradingmodefactory - INFO - 自动发现完成，注册了 4 个项目
2025-03-08 23:35:27,498 - system.tradingmodefactory - INFO - 创建新的 backtest 实例
2025-03-08 23:35:37,627 - system.tradingmodefactory - INFO - 自动注册 custom_mode (src.mode.trading_mode_factory.CustomTradingMode)
2025-03-08 23:35:37,628 - system.tradingmodefactory - INFO - 自动发现完成，注册了 4 个项目
2025-03-08 23:35:37,632 - system.tradingmodefactory - INFO - 创建新的 backtest 实例
2025-03-08 23:36:17,769 - system.tradingmodefactory - INFO - 自动注册 custom_mode (src.mode.trading_mode_factory.CustomTradingMode)
2025-03-08 23:36:17,770 - system.tradingmodefactory - INFO - 自动发现完成，注册了 4 个项目
2025-03-08 23:36:17,775 - system.tradingmodefactory - INFO - 创建新的 backtest 实例
2025-03-08 23:42:34,229 - system.tradingmodefactory - INFO - 自动注册 custom_mode (src.mode.trading_mode_factory.CustomTradingMode)
2025-03-08 23:42:34,230 - system.tradingmodefactory - INFO - 自动发现完成，注册了 4 个项目
2025-03-08 23:42:34,234 - system.tradingmodefactory - INFO - 创建新的 backtest 实例
2025-03-08 23:44:18,780 - system.tradingmodefactory - INFO - 自动注册 custom_mode (src.mode.trading_mode_factory.CustomTradingMode)
2025-03-08 23:44:18,782 - system.tradingmodefactory - INFO - 自动发现完成，注册了 4 个项目
2025-03-08 23:44:18,786 - system.tradingmodefactory - INFO - 创建新的 backtest 实例
2025-03-08 23:44:39,573 - system.tradingmodefactory - INFO - 自动注册 custom_mode (src.mode.trading_mode_factory.CustomTradingMode)
2025-03-08 23:44:39,574 - system.tradingmodefactory - INFO - 自动发现完成，注册了 4 个项目
2025-03-08 23:44:39,579 - system.tradingmodefactory - INFO - 创建新的 backtest 实例
2025-03-08 23:47:03,679 - system.tradingmodefactory - INFO - 自动注册 custom_mode (src.mode.trading_mode_factory.CustomTradingMode)
2025-03-08 23:47:03,680 - system.tradingmodefactory - INFO - 自动发现完成，注册了 4 个项目
2025-03-08 23:47:03,686 - system.tradingmodefactory - INFO - 创建新的 backtest 实例
2025-03-08 23:47:28,658 - system.tradingmodefactory - INFO - 自动注册 custom_mode (src.mode.trading_mode_factory.CustomTradingMode)
2025-03-08 23:47:28,660 - system.tradingmodefactory - INFO - 自动发现完成，注册了 4 个项目
2025-03-08 23:47:28,665 - system.tradingmodefactory - INFO - 创建新的 backtest 实例
2025-03-08 23:47:37,749 - system.tradingmodefactory - INFO - 自动注册 custom_mode (src.mode.trading_mode_factory.CustomTradingMode)
2025-03-08 23:47:37,750 - system.tradingmodefactory - INFO - 自动发现完成，注册了 4 个项目
2025-03-08 23:47:37,755 - system.tradingmodefactory - INFO - 创建新的 backtest 实例
2025-03-08 23:47:57,308 - system.tradingmodefactory - INFO - 自动注册 custom_mode (src.mode.trading_mode_factory.CustomTradingMode)
2025-03-08 23:47:57,311 - system.tradingmodefactory - INFO - 自动发现完成，注册了 4 个项目
2025-03-08 23:47:57,316 - system.tradingmodefactory - INFO - 创建新的 backtest 实例
2025-03-08 23:48:49,094 - system.tradingmodefactory - INFO - 自动注册 custom_mode (src.mode.trading_mode_factory.CustomTradingMode)
2025-03-08 23:48:49,096 - system.tradingmodefactory - INFO - 自动发现完成，注册了 4 个项目
2025-03-08 23:48:49,101 - system.tradingmodefactory - INFO - 创建新的 backtest 实例
2025-03-09 00:07:05,510 - system.tradingmodefactory - INFO - 自动注册 custom_mode (src.mode.trading_mode_factory.CustomTradingMode)
2025-03-09 00:07:05,511 - system.tradingmodefactory - INFO - 自动发现完成，注册了 4 个项目
2025-03-09 00:07:05,519 - system.tradingmodefactory - INFO - 创建新的 backtest 实例
2025-03-09 00:08:01,654 - system.tradingmodefactory - INFO - 自动注册 custom_mode (src.mode.trading_mode_factory.CustomTradingMode)
2025-03-09 00:08:01,655 - system.tradingmodefactory - INFO - 自动发现完成，注册了 4 个项目
2025-03-09 00:08:01,659 - system.tradingmodefactory - INFO - 创建新的 backtest 实例
2025-03-09 00:11:23,786 - system.tradingmodefactory - INFO - 自动注册 custom_mode (src.mode.trading_mode_factory.CustomTradingMode)
2025-03-09 00:11:23,787 - system.tradingmodefactory - INFO - 自动发现完成，注册了 4 个项目
2025-03-09 00:11:23,791 - system.tradingmodefactory - INFO - 创建新的 backtest 实例
2025-03-09 00:12:11,954 - system.tradingmodefactory - INFO - 自动注册 custom_mode (src.mode.trading_mode_factory.CustomTradingMode)
2025-03-09 00:12:11,955 - system.tradingmodefactory - INFO - 自动发现完成，注册了 4 个项目
2025-03-09 00:12:11,959 - system.tradingmodefactory - INFO - 创建新的 backtest 实例
2025-03-09 00:12:33,154 - system.tradingmodefactory - INFO - 自动注册 custom_mode (src.mode.trading_mode_factory.CustomTradingMode)
2025-03-09 00:12:33,156 - system.tradingmodefactory - INFO - 自动发现完成，注册了 4 个项目
2025-03-09 00:12:33,161 - system.tradingmodefactory - INFO - 创建新的 backtest 实例
2025-03-09 00:14:57,557 - system.tradingmodefactory - INFO - 自动注册 custom_mode (src.mode.trading_mode_factory.CustomTradingMode)
2025-03-09 00:14:57,558 - system.tradingmodefactory - INFO - 自动发现完成，注册了 4 个项目
2025-03-09 00:14:57,562 - system.tradingmodefactory - INFO - 创建新的 backtest 实例
2025-03-09 00:15:59,106 - system.tradingmodefactory - INFO - 自动注册 custom_mode (src.mode.trading_mode_factory.CustomTradingMode)
2025-03-09 00:15:59,107 - system.tradingmodefactory - INFO - 自动发现完成，注册了 4 个项目
2025-03-09 00:15:59,112 - system.tradingmodefactory - INFO - 创建新的 backtest 实例
2025-03-09 00:16:27,781 - system.tradingmodefactory - INFO - 自动注册 custom_mode (src.mode.trading_mode_factory.CustomTradingMode)
2025-03-09 00:16:27,783 - system.tradingmodefactory - INFO - 自动发现完成，注册了 4 个项目
2025-03-09 00:16:27,786 - system.tradingmodefactory - INFO - 创建新的 backtest 实例
2025-03-09 00:17:29,478 - system.tradingmodefactory - INFO - 自动注册 custom_mode (src.mode.trading_mode_factory.CustomTradingMode)
2025-03-09 00:17:29,479 - system.tradingmodefactory - INFO - 自动发现完成，注册了 4 个项目
2025-03-09 00:17:29,484 - system.tradingmodefactory - INFO - 创建新的 backtest 实例
2025-03-09 00:21:49,418 - system.tradingmodefactory - INFO - 自动注册 custom_mode (src.mode.trading_mode_factory.CustomTradingMode)
2025-03-09 00:21:49,420 - system.tradingmodefactory - INFO - 自动发现完成，注册了 4 个项目
2025-03-09 00:21:49,423 - system.tradingmodefactory - INFO - 创建新的 backtest 实例
2025-03-09 00:38:12,021 - system.tradingmodefactory - INFO - 自动注册 custom_mode (src.mode.trading_mode_factory.CustomTradingMode)
2025-03-09 00:38:12,022 - system.tradingmodefactory - INFO - 自动发现完成，注册了 4 个项目
2025-03-09 00:38:12,026 - system.tradingmodefactory - INFO - 创建新的 backtest 实例
2025-03-09 01:01:14,733 - system.tradingmodefactory - INFO - 自动注册 custom_mode (src.mode.trading_mode_factory.CustomTradingMode)
2025-03-09 01:01:14,734 - system.tradingmodefactory - INFO - 自动发现完成，注册了 4 个项目
2025-03-09 01:01:14,738 - system.tradingmodefactory - INFO - 创建新的 backtest 实例
2025-03-09 01:29:27,743 - system.tradingmodefactory - INFO - 自动注册 custom_mode (src.mode.trading_mode_factory.CustomTradingMode)
2025-03-09 01:29:27,745 - system.tradingmodefactory - INFO - 自动发现完成，注册了 4 个项目
2025-03-09 01:29:27,749 - system.tradingmodefactory - INFO - 创建新的 backtest 实例
2025-03-09 01:29:46,997 - system.tradingmodefactory - INFO - 自动注册 custom_mode (src.mode.trading_mode_factory.CustomTradingMode)
2025-03-09 01:29:46,999 - system.tradingmodefactory - INFO - 自动发现完成，注册了 4 个项目
2025-03-09 01:29:47,006 - system.tradingmodefactory - INFO - 创建新的 backtest 实例
2025-03-09 01:38:12,941 - system.tradingmodefactory - INFO - 自动注册 custom_mode (src.mode.trading_mode_factory.CustomTradingMode)
2025-03-09 01:38:12,943 - system.tradingmodefactory - INFO - 自动发现完成，注册了 4 个项目
2025-03-09 01:38:12,948 - system.tradingmodefactory - INFO - 创建新的 backtest 实例
2025-03-09 01:39:40,960 - system.tradingmodefactory - INFO - 自动注册 custom_mode (src.mode.trading_mode_factory.CustomTradingMode)
2025-03-09 01:39:40,961 - system.tradingmodefactory - INFO - 自动发现完成，注册了 4 个项目
2025-03-09 01:39:40,964 - system.tradingmodefactory - INFO - 创建新的 backtest 实例
2025-03-09 01:39:42,086 - system.tradingmodefactory - INFO - 自动注册 custom_mode (src.mode.trading_mode_factory.CustomTradingMode)
2025-03-09 01:39:42,088 - system.tradingmodefactory - INFO - 自动发现完成，注册了 4 个项目
2025-03-09 01:39:42,092 - system.tradingmodefactory - INFO - 创建新的 backtest 实例
2025-03-09 01:41:10,473 - system.tradingmodefactory - INFO - 自动注册 custom_mode (src.mode.trading_mode_factory.CustomTradingMode)
2025-03-09 01:41:10,474 - system.tradingmodefactory - INFO - 自动发现完成，注册了 4 个项目
2025-03-09 01:41:10,478 - system.tradingmodefactory - INFO - 创建新的 backtest 实例
2025-03-09 01:41:56,951 - system.tradingmodefactory - INFO - 自动注册 custom_mode (src.mode.trading_mode_factory.CustomTradingMode)
2025-03-09 01:41:56,952 - system.tradingmodefactory - INFO - 自动发现完成，注册了 4 个项目
2025-03-09 01:41:56,956 - system.tradingmodefactory - INFO - 创建新的 backtest 实例
2025-03-09 01:42:16,250 - system.tradingmodefactory - INFO - 自动注册 custom_mode (src.mode.trading_mode_factory.CustomTradingMode)
2025-03-09 01:42:16,251 - system.tradingmodefactory - INFO - 自动发现完成，注册了 4 个项目
2025-03-09 01:42:16,255 - system.tradingmodefactory - INFO - 创建新的 backtest 实例
2025-03-09 01:47:44,164 - system.tradingmodefactory - INFO - 自动注册 custom_mode (src.mode.trading_mode_factory.CustomTradingMode)
2025-03-09 01:47:44,166 - system.tradingmodefactory - INFO - 自动发现完成，注册了 4 个项目
2025-03-09 01:47:44,170 - system.tradingmodefactory - INFO - 创建新的 backtest 实例
2025-03-09 01:48:59,468 - system.tradingmodefactory - INFO - 自动注册 custom_mode (src.mode.trading_mode_factory.CustomTradingMode)
2025-03-09 01:48:59,471 - system.tradingmodefactory - INFO - 自动发现完成，注册了 4 个项目
2025-03-09 01:48:59,475 - system.tradingmodefactory - INFO - 创建新的 backtest 实例
2025-03-09 01:50:34,135 - system.tradingmodefactory - INFO - 自动注册 custom_mode (src.mode.trading_mode_factory.CustomTradingMode)
2025-03-09 01:50:34,137 - system.tradingmodefactory - INFO - 自动发现完成，注册了 4 个项目
2025-03-09 01:50:34,143 - system.tradingmodefactory - INFO - 创建新的 backtest 实例
2025-03-09 01:52:15,063 - system.tradingmodefactory - INFO - 自动注册 custom_mode (src.mode.trading_mode_factory.CustomTradingMode)
2025-03-09 01:52:15,064 - system.tradingmodefactory - INFO - 自动发现完成，注册了 4 个项目
2025-03-09 01:52:15,068 - system.tradingmodefactory - INFO - 创建新的 backtest 实例
2025-03-09 01:53:32,719 - system.tradingmodefactory - INFO - 自动注册 custom_mode (src.mode.trading_mode_factory.CustomTradingMode)
2025-03-09 01:53:32,720 - system.tradingmodefactory - INFO - 自动发现完成，注册了 4 个项目
2025-03-09 01:53:32,723 - system.tradingmodefactory - INFO - 创建新的 backtest 实例
2025-03-09 01:54:33,941 - system.tradingmodefactory - INFO - 自动注册 custom_mode (src.mode.trading_mode_factory.CustomTradingMode)
2025-03-09 01:54:33,943 - system.tradingmodefactory - INFO - 自动发现完成，注册了 4 个项目
2025-03-09 01:54:33,947 - system.tradingmodefactory - INFO - 创建新的 backtest 实例
2025-03-09 01:56:12,869 - system.tradingmodefactory - INFO - 自动注册 custom_mode (src.mode.trading_mode_factory.CustomTradingMode)
2025-03-09 01:56:12,871 - system.tradingmodefactory - INFO - 自动发现完成，注册了 4 个项目
2025-03-09 01:56:12,875 - system.tradingmodefactory - INFO - 创建新的 backtest 实例
2025-03-09 02:27:56,411 - system.tradingmodefactory - INFO - 自动注册 custom_mode (src.mode.trading_mode_factory.CustomTradingMode)
2025-03-09 02:27:56,412 - system.tradingmodefactory - INFO - 自动发现完成，注册了 4 个项目
2025-03-09 02:27:56,416 - system.tradingmodefactory - INFO - 创建新的 backtest 实例
2025-03-09 08:57:16,410 - system.tradingmodefactory - INFO - 自动注册 custom_mode (src.mode.trading_mode_factory.CustomTradingMode)
2025-03-09 08:57:16,412 - system.tradingmodefactory - INFO - 自动发现完成，注册了 4 个项目
2025-03-09 08:57:16,416 - system.tradingmodefactory - INFO - 创建新的 backtest 实例
2025-03-09 09:03:00,710 - system.tradingmodefactory - INFO - 自动注册 custom_mode (src.mode.trading_mode_factory.CustomTradingMode)
2025-03-09 09:03:00,710 - system.tradingmodefactory - INFO - 自动发现完成，注册了 4 个项目
2025-03-09 09:03:00,712 - system.tradingmodefactory - INFO - 创建新的 backtest 实例
2025-03-09 09:07:16,017 - system.tradingmodefactory - INFO - 自动注册 custom_mode (src.mode.trading_mode_factory.CustomTradingMode)
2025-03-09 09:07:16,018 - system.tradingmodefactory - INFO - 自动发现完成，注册了 4 个项目
2025-03-09 09:07:16,021 - system.tradingmodefactory - INFO - 创建新的 backtest 实例
2025-03-09 09:08:00,018 - system.tradingmodefactory - INFO - 自动注册 custom_mode (src.mode.trading_mode_factory.CustomTradingMode)
2025-03-09 09:08:00,019 - system.tradingmodefactory - INFO - 自动发现完成，注册了 4 个项目
2025-03-09 09:08:00,025 - system.tradingmodefactory - INFO - 创建新的 backtest 实例
2025-03-09 09:08:15,989 - system.tradingmodefactory - INFO - 自动注册 custom_mode (src.mode.trading_mode_factory.CustomTradingMode)
2025-03-09 09:08:15,990 - system.tradingmodefactory - INFO - 自动发现完成，注册了 4 个项目
2025-03-09 09:08:15,991 - system.tradingmodefactory - INFO - 创建新的 backtest 实例
2025-03-09 09:08:29,513 - system.tradingmodefactory - INFO - 自动注册 custom_mode (src.mode.trading_mode_factory.CustomTradingMode)
2025-03-09 09:08:29,516 - system.tradingmodefactory - INFO - 自动发现完成，注册了 4 个项目
2025-03-09 09:08:29,519 - system.tradingmodefactory - INFO - 创建新的 backtest 实例
2025-03-09 09:10:56,493 - system.tradingmodefactory - INFO - 自动注册 custom_mode (src.mode.trading_mode_factory.CustomTradingMode)
2025-03-09 09:10:56,494 - system.tradingmodefactory - INFO - 自动发现完成，注册了 4 个项目
2025-03-09 09:10:56,496 - system.tradingmodefactory - INFO - 创建新的 backtest 实例
2025-03-09 09:15:09,877 - system.tradingmodefactory - INFO - 自动注册 custom_mode (src.mode.trading_mode_factory.CustomTradingMode)
2025-03-09 09:15:09,878 - system.tradingmodefactory - INFO - 自动发现完成，注册了 4 个项目
2025-03-09 09:15:09,881 - system.tradingmodefactory - INFO - 创建新的 backtest 实例
2025-03-09 09:19:15,254 - system.tradingmodefactory - INFO - 自动注册 custom_mode (src.mode.trading_mode_factory.CustomTradingMode)
2025-03-09 09:19:15,255 - system.tradingmodefactory - INFO - 自动发现完成，注册了 4 个项目
2025-03-09 09:19:15,258 - system.tradingmodefactory - INFO - 创建新的 backtest 实例
2025-03-09 09:20:10,132 - system.tradingmodefactory - INFO - 自动注册 custom_mode (src.mode.trading_mode_factory.CustomTradingMode)
2025-03-09 09:20:10,133 - system.tradingmodefactory - INFO - 自动发现完成，注册了 4 个项目
2025-03-09 09:20:10,136 - system.tradingmodefactory - INFO - 创建新的 backtest 实例
2025-03-09 09:23:31,074 - system.tradingmodefactory - INFO - 自动注册 custom_mode (src.mode.trading_mode_factory.CustomTradingMode)
2025-03-09 09:23:31,076 - system.tradingmodefactory - INFO - 自动发现完成，注册了 4 个项目
2025-03-09 09:23:31,082 - system.tradingmodefactory - INFO - 创建新的 backtest 实例
2025-03-09 09:24:56,713 - system.tradingmodefactory - INFO - 自动注册 custom_mode (src.mode.trading_mode_factory.CustomTradingMode)
2025-03-09 09:24:56,715 - system.tradingmodefactory - INFO - 自动发现完成，注册了 4 个项目
2025-03-09 09:24:56,718 - system.tradingmodefactory - INFO - 创建新的 backtest 实例
2025-03-09 09:25:52,448 - system.tradingmodefactory - INFO - 自动注册 custom_mode (src.mode.trading_mode_factory.CustomTradingMode)
2025-03-09 09:25:52,449 - system.tradingmodefactory - INFO - 自动发现完成，注册了 4 个项目
2025-03-09 09:25:52,453 - system.tradingmodefactory - INFO - 创建新的 backtest 实例
2025-03-09 09:26:40,117 - system.tradingmodefactory - INFO - 自动注册 custom_mode (src.mode.trading_mode_factory.CustomTradingMode)
2025-03-09 09:26:40,118 - system.tradingmodefactory - INFO - 自动发现完成，注册了 4 个项目
2025-03-09 09:26:40,121 - system.tradingmodefactory - INFO - 创建新的 backtest 实例
2025-03-09 09:27:03,489 - system.tradingmodefactory - INFO - 自动注册 custom_mode (src.mode.trading_mode_factory.CustomTradingMode)
2025-03-09 09:27:03,490 - system.tradingmodefactory - INFO - 自动发现完成，注册了 4 个项目
2025-03-09 09:27:03,493 - system.tradingmodefactory - INFO - 创建新的 backtest 实例
2025-03-09 09:27:41,934 - system.tradingmodefactory - INFO - 自动注册 custom_mode (src.mode.trading_mode_factory.CustomTradingMode)
2025-03-09 09:27:41,935 - system.tradingmodefactory - INFO - 自动发现完成，注册了 4 个项目
2025-03-09 09:27:41,937 - system.tradingmodefactory - INFO - 创建新的 backtest 实例
2025-03-09 09:28:08,413 - system.tradingmodefactory - INFO - 自动注册 custom_mode (src.mode.trading_mode_factory.CustomTradingMode)
2025-03-09 09:28:08,414 - system.tradingmodefactory - INFO - 自动发现完成，注册了 4 个项目
2025-03-09 09:28:08,417 - system.tradingmodefactory - INFO - 创建新的 backtest 实例
2025-03-09 09:28:23,678 - system.tradingmodefactory - INFO - 自动注册 custom_mode (src.mode.trading_mode_factory.CustomTradingMode)
2025-03-09 09:28:23,679 - system.tradingmodefactory - INFO - 自动发现完成，注册了 4 个项目
2025-03-09 09:28:23,682 - system.tradingmodefactory - INFO - 创建新的 backtest 实例
2025-03-09 09:28:57,464 - system.tradingmodefactory - INFO - 自动注册 custom_mode (src.mode.trading_mode_factory.CustomTradingMode)
2025-03-09 09:28:57,465 - system.tradingmodefactory - INFO - 自动发现完成，注册了 4 个项目
2025-03-09 09:28:57,468 - system.tradingmodefactory - INFO - 创建新的 backtest 实例
2025-03-09 09:29:38,276 - system.tradingmodefactory - INFO - 自动注册 custom_mode (src.mode.trading_mode_factory.CustomTradingMode)
2025-03-09 09:29:38,276 - system.tradingmodefactory - INFO - 自动发现完成，注册了 4 个项目
2025-03-09 09:29:38,280 - system.tradingmodefactory - INFO - 创建新的 backtest 实例
2025-03-09 09:30:23,727 - system.tradingmodefactory - INFO - 自动注册 custom_mode (src.mode.trading_mode_factory.CustomTradingMode)
2025-03-09 09:30:23,728 - system.tradingmodefactory - INFO - 自动发现完成，注册了 4 个项目
2025-03-09 09:30:23,731 - system.tradingmodefactory - INFO - 创建新的 backtest 实例
2025-03-09 09:30:43,450 - system.tradingmodefactory - INFO - 自动注册 custom_mode (src.mode.trading_mode_factory.CustomTradingMode)
2025-03-09 09:30:43,452 - system.tradingmodefactory - INFO - 自动发现完成，注册了 4 个项目
2025-03-09 09:30:43,455 - system.tradingmodefactory - INFO - 创建新的 backtest 实例
2025-03-09 09:31:36,835 - system.tradingmodefactory - INFO - 自动注册 custom_mode (src.mode.trading_mode_factory.CustomTradingMode)
2025-03-09 09:31:36,836 - system.tradingmodefactory - INFO - 自动发现完成，注册了 4 个项目
2025-03-09 09:31:36,838 - system.tradingmodefactory - INFO - 创建新的 backtest 实例
2025-03-09 09:34:21,956 - system.tradingmodefactory - INFO - 自动注册 custom_mode (src.mode.trading_mode_factory.CustomTradingMode)
2025-03-09 09:34:21,958 - system.tradingmodefactory - INFO - 自动发现完成，注册了 4 个项目
2025-03-09 09:34:21,962 - system.tradingmodefactory - INFO - 创建新的 backtest 实例
2025-03-09 09:35:00,642 - system.tradingmodefactory - INFO - 自动注册 custom_mode (src.mode.trading_mode_factory.CustomTradingMode)
2025-03-09 09:35:00,644 - system.tradingmodefactory - INFO - 自动发现完成，注册了 4 个项目
2025-03-09 09:35:00,649 - system.tradingmodefactory - INFO - 创建新的 backtest 实例
2025-03-09 09:35:10,715 - system.tradingmodefactory - INFO - 自动注册 custom_mode (src.mode.trading_mode_factory.CustomTradingMode)
2025-03-09 09:35:10,716 - system.tradingmodefactory - INFO - 自动发现完成，注册了 4 个项目
2025-03-09 09:35:10,719 - system.tradingmodefactory - INFO - 创建新的 backtest 实例
2025-03-09 09:39:05,507 - system.tradingmodefactory - INFO - 自动注册 custom_mode (src.mode.trading_mode_factory.CustomTradingMode)
2025-03-09 09:39:05,508 - system.tradingmodefactory - INFO - 自动发现完成，注册了 4 个项目
2025-03-09 09:39:05,511 - system.tradingmodefactory - INFO - 创建新的 backtest 实例
2025-03-09 09:39:28,298 - system.tradingmodefactory - INFO - 自动注册 custom_mode (src.mode.trading_mode_factory.CustomTradingMode)
2025-03-09 09:39:28,299 - system.tradingmodefactory - INFO - 自动发现完成，注册了 4 个项目
2025-03-09 09:39:28,302 - system.tradingmodefactory - INFO - 创建新的 backtest 实例
2025-03-09 09:40:10,955 - system.tradingmodefactory - INFO - 自动注册 custom_mode (src.mode.trading_mode_factory.CustomTradingMode)
2025-03-09 09:40:10,957 - system.tradingmodefactory - INFO - 自动发现完成，注册了 4 个项目
2025-03-09 09:40:10,960 - system.tradingmodefactory - INFO - 创建新的 backtest 实例
2025-03-09 09:40:27,468 - system.tradingmodefactory - INFO - 自动注册 custom_mode (src.mode.trading_mode_factory.CustomTradingMode)
2025-03-09 09:40:27,470 - system.tradingmodefactory - INFO - 自动发现完成，注册了 4 个项目
2025-03-09 09:40:27,474 - system.tradingmodefactory - INFO - 创建新的 backtest 实例
2025-03-09 09:40:37,739 - system.tradingmodefactory - INFO - 自动注册 custom_mode (src.mode.trading_mode_factory.CustomTradingMode)
2025-03-09 09:40:37,741 - system.tradingmodefactory - INFO - 自动发现完成，注册了 4 个项目
2025-03-09 09:40:37,745 - system.tradingmodefactory - INFO - 创建新的 backtest 实例
2025-03-09 09:41:25,508 - system.tradingmodefactory - INFO - 自动注册 custom_mode (src.mode.trading_mode_factory.CustomTradingMode)
2025-03-09 09:41:25,509 - system.tradingmodefactory - INFO - 自动发现完成，注册了 4 个项目
2025-03-09 09:41:25,512 - system.tradingmodefactory - INFO - 创建新的 backtest 实例
2025-03-09 09:41:52,243 - system.tradingmodefactory - INFO - 自动注册 custom_mode (src.mode.trading_mode_factory.CustomTradingMode)
2025-03-09 09:41:52,244 - system.tradingmodefactory - INFO - 自动发现完成，注册了 4 个项目
2025-03-09 09:41:52,247 - system.tradingmodefactory - INFO - 创建新的 backtest 实例
2025-03-09 09:43:28,495 - system.tradingmodefactory - INFO - 自动注册 custom_mode (src.mode.trading_mode_factory.CustomTradingMode)
2025-03-09 09:43:28,496 - system.tradingmodefactory - INFO - 自动发现完成，注册了 4 个项目
2025-03-09 09:43:28,499 - system.tradingmodefactory - INFO - 创建新的 backtest 实例
2025-03-09 09:49:05,796 - system.tradingmodefactory - INFO - 自动注册 custom_mode (src.mode.trading_mode_factory.CustomTradingMode)
2025-03-09 09:49:05,798 - system.tradingmodefactory - INFO - 自动发现完成，注册了 4 个项目
2025-03-09 09:49:05,802 - system.tradingmodefactory - INFO - 创建新的 backtest 实例
2025-03-09 09:50:40,568 - system.tradingmodefactory - INFO - 自动注册 custom_mode (src.mode.trading_mode_factory.CustomTradingMode)
2025-03-09 09:50:40,570 - system.tradingmodefactory - INFO - 自动发现完成，注册了 4 个项目
2025-03-09 09:50:40,574 - system.tradingmodefactory - INFO - 创建新的 backtest 实例
2025-03-09 09:54:28,775 - system.tradingmodefactory - INFO - 自动注册 custom_mode (src.mode.trading_mode_factory.CustomTradingMode)
2025-03-09 09:54:28,776 - system.tradingmodefactory - INFO - 自动发现完成，注册了 4 个项目
2025-03-09 09:54:28,780 - system.tradingmodefactory - INFO - 创建新的 backtest 实例
2025-03-09 09:57:07,111 - system.tradingmodefactory - INFO - 自动注册 custom_mode (src.mode.trading_mode_factory.CustomTradingMode)
2025-03-09 09:57:07,112 - system.tradingmodefactory - INFO - 自动发现完成，注册了 4 个项目
2025-03-09 09:57:07,116 - system.tradingmodefactory - INFO - 创建新的 backtest 实例
2025-03-09 10:26:50,532 - system.tradingmodefactory - INFO - 自动注册 custom_mode (src.mode.trading_mode_factory.CustomTradingMode)
2025-03-09 10:26:50,533 - system.tradingmodefactory - INFO - 自动发现完成，注册了 4 个项目
2025-03-09 10:26:50,536 - system.tradingmodefactory - INFO - 创建新的 backtest 实例
2025-03-09 10:28:07,779 - system.tradingmodefactory - INFO - 自动注册 custom_mode (src.mode.trading_mode_factory.CustomTradingMode)
2025-03-09 10:28:07,780 - system.tradingmodefactory - INFO - 自动发现完成，注册了 4 个项目
2025-03-09 10:28:07,782 - system.tradingmodefactory - INFO - 创建新的 backtest 实例
2025-03-09 10:35:02,542 - system.tradingmodefactory - INFO - 自动注册 custom_mode (src.mode.trading_mode_factory.CustomTradingMode)
2025-03-09 10:35:02,543 - system.tradingmodefactory - INFO - 自动发现完成，注册了 4 个项目
2025-03-09 10:35:02,547 - system.tradingmodefactory - INFO - 创建新的 backtest 实例
2025-03-09 10:37:27,353 - system.tradingmodefactory - INFO - 自动注册 custom_mode (src.mode.trading_mode_factory.CustomTradingMode)
2025-03-09 10:37:27,354 - system.tradingmodefactory - INFO - 自动发现完成，注册了 4 个项目
2025-03-09 10:37:27,357 - system.tradingmodefactory - INFO - 创建新的 backtest 实例
2025-03-09 10:49:14,532 - system.tradingmodefactory - INFO - 自动注册 custom_mode (src.mode.trading_mode_factory.CustomTradingMode)
2025-03-09 10:49:14,534 - system.tradingmodefactory - INFO - 自动发现完成，注册了 4 个项目
2025-03-09 10:49:14,537 - system.tradingmodefactory - INFO - 创建新的 backtest 实例
2025-03-09 10:54:58,873 - system.tradingmodefactory - INFO - 自动注册 custom_mode (src.mode.trading_mode_factory.CustomTradingMode)
2025-03-09 10:54:58,875 - system.tradingmodefactory - INFO - 自动发现完成，注册了 4 个项目
2025-03-09 10:54:58,877 - system.tradingmodefactory - INFO - 创建新的 backtest 实例
2025-03-09 10:56:55,753 - system.tradingmodefactory - INFO - 自动注册 custom_mode (src.mode.trading_mode_factory.CustomTradingMode)
2025-03-09 10:56:55,755 - system.tradingmodefactory - INFO - 自动发现完成，注册了 4 个项目
2025-03-09 10:56:55,760 - system.tradingmodefactory - INFO - 创建新的 backtest 实例
2025-03-09 10:57:41,846 - system.tradingmodefactory - INFO - 自动注册 custom_mode (src.mode.trading_mode_factory.CustomTradingMode)
2025-03-09 10:57:41,847 - system.tradingmodefactory - INFO - 自动发现完成，注册了 4 个项目
2025-03-09 10:57:41,850 - system.tradingmodefactory - INFO - 创建新的 backtest 实例
2025-03-09 10:58:37,396 - system.tradingmodefactory - INFO - 自动注册 custom_mode (src.mode.trading_mode_factory.CustomTradingMode)
2025-03-09 10:58:37,397 - system.tradingmodefactory - INFO - 自动发现完成，注册了 4 个项目
2025-03-09 10:58:37,400 - system.tradingmodefactory - INFO - 创建新的 backtest 实例
2025-03-09 10:59:16,785 - system.tradingmodefactory - INFO - 自动注册 custom_mode (src.mode.trading_mode_factory.CustomTradingMode)
2025-03-09 10:59:16,786 - system.tradingmodefactory - INFO - 自动发现完成，注册了 4 个项目
2025-03-09 10:59:16,790 - system.tradingmodefactory - INFO - 创建新的 backtest 实例
2025-03-09 10:59:54,375 - system.tradingmodefactory - INFO - 自动注册 custom_mode (src.mode.trading_mode_factory.CustomTradingMode)
2025-03-09 10:59:54,377 - system.tradingmodefactory - INFO - 自动发现完成，注册了 4 个项目
2025-03-09 10:59:54,382 - system.tradingmodefactory - INFO - 创建新的 backtest 实例
2025-03-09 11:02:24,233 - system.tradingmodefactory - INFO - 自动注册 custom_mode (src.mode.trading_mode_factory.CustomTradingMode)
2025-03-09 11:02:24,235 - system.tradingmodefactory - INFO - 自动发现完成，注册了 4 个项目
2025-03-09 11:02:24,237 - system.tradingmodefactory - INFO - 创建新的 backtest 实例
2025-03-09 11:03:06,064 - system.tradingmodefactory - INFO - 自动注册 custom_mode (src.mode.trading_mode_factory.CustomTradingMode)
2025-03-09 11:03:06,065 - system.tradingmodefactory - INFO - 自动发现完成，注册了 4 个项目
2025-03-09 11:03:06,069 - system.tradingmodefactory - INFO - 创建新的 backtest 实例
2025-03-09 11:03:15,489 - system.tradingmodefactory - INFO - 自动注册 custom_mode (src.mode.trading_mode_factory.CustomTradingMode)
2025-03-09 11:03:15,490 - system.tradingmodefactory - INFO - 自动发现完成，注册了 4 个项目
2025-03-09 11:03:15,493 - system.tradingmodefactory - INFO - 创建新的 backtest 实例
2025-03-09 11:03:26,701 - system.tradingmodefactory - INFO - 自动注册 custom_mode (src.mode.trading_mode_factory.CustomTradingMode)
2025-03-09 11:03:26,702 - system.tradingmodefactory - INFO - 自动发现完成，注册了 4 个项目
2025-03-09 11:03:26,705 - system.tradingmodefactory - INFO - 创建新的 backtest 实例
2025-03-09 11:03:35,326 - system.tradingmodefactory - INFO - 自动注册 custom_mode (src.mode.trading_mode_factory.CustomTradingMode)
2025-03-09 11:03:35,328 - system.tradingmodefactory - INFO - 自动发现完成，注册了 4 个项目
2025-03-09 11:03:35,330 - system.tradingmodefactory - INFO - 创建新的 backtest 实例
2025-03-09 11:03:40,484 - system.tradingmodefactory - INFO - 自动注册 custom_mode (src.mode.trading_mode_factory.CustomTradingMode)
2025-03-09 11:03:40,486 - system.tradingmodefactory - INFO - 自动发现完成，注册了 4 个项目
2025-03-09 11:03:40,489 - system.tradingmodefactory - INFO - 创建新的 backtest 实例
2025-03-09 11:11:12,515 - system.tradingmodefactory - INFO - 自动注册 custom_mode (src.mode.trading_mode_factory.CustomTradingMode)
2025-03-09 11:11:12,516 - system.tradingmodefactory - INFO - 自动发现完成，注册了 4 个项目
2025-03-09 11:11:12,519 - system.tradingmodefactory - INFO - 创建新的 backtest 实例
2025-03-09 11:11:31,165 - system.tradingmodefactory - INFO - 自动注册 custom_mode (src.mode.trading_mode_factory.CustomTradingMode)
2025-03-09 11:11:31,167 - system.tradingmodefactory - INFO - 自动发现完成，注册了 4 个项目
2025-03-09 11:11:31,171 - system.tradingmodefactory - INFO - 创建新的 backtest 实例
2025-03-09 11:13:05,877 - system.tradingmodefactory - INFO - 自动注册 custom_mode (src.mode.trading_mode_factory.CustomTradingMode)
2025-03-09 11:13:05,878 - system.tradingmodefactory - INFO - 自动发现完成，注册了 4 个项目
2025-03-09 11:13:05,882 - system.tradingmodefactory - INFO - 创建新的 backtest 实例
2025-03-09 11:13:29,238 - system.tradingmodefactory - INFO - 自动注册 custom_mode (src.mode.trading_mode_factory.CustomTradingMode)
2025-03-09 11:13:29,239 - system.tradingmodefactory - INFO - 自动发现完成，注册了 4 个项目
2025-03-09 11:13:29,242 - system.tradingmodefactory - INFO - 创建新的 backtest 实例
2025-03-09 11:16:02,532 - system.tradingmodefactory - INFO - 自动注册 custom_mode (src.mode.trading_mode_factory.CustomTradingMode)
2025-03-09 11:16:02,533 - system.tradingmodefactory - INFO - 自动发现完成，注册了 4 个项目
2025-03-09 11:16:02,536 - system.tradingmodefactory - INFO - 创建新的 backtest 实例
2025-03-09 11:17:48,488 - system.tradingmodefactory - INFO - 自动注册 custom_mode (src.mode.trading_mode_factory.CustomTradingMode)
2025-03-09 11:17:48,489 - system.tradingmodefactory - INFO - 自动发现完成，注册了 4 个项目
2025-03-09 11:17:48,492 - system.tradingmodefactory - INFO - 创建新的 backtest 实例
2025-03-09 11:19:15,559 - system.tradingmodefactory - INFO - 自动注册 custom_mode (src.mode.trading_mode_factory.CustomTradingMode)
2025-03-09 11:19:15,559 - system.tradingmodefactory - INFO - 自动发现完成，注册了 4 个项目
2025-03-09 11:19:15,562 - system.tradingmodefactory - INFO - 创建新的 backtest 实例
2025-03-09 11:25:54,631 - system.tradingmodefactory - INFO - 自动注册 custom_mode (src.mode.trading_mode_factory.CustomTradingMode)
2025-03-09 11:25:54,633 - system.tradingmodefactory - INFO - 自动发现完成，注册了 4 个项目
2025-03-09 11:25:54,635 - system.tradingmodefactory - INFO - 创建新的 backtest 实例
2025-03-09 11:26:28,890 - system.tradingmodefactory - INFO - 自动注册 custom_mode (src.mode.trading_mode_factory.CustomTradingMode)
2025-03-09 11:26:28,891 - system.tradingmodefactory - INFO - 自动发现完成，注册了 4 个项目
2025-03-09 11:26:28,894 - system.tradingmodefactory - INFO - 创建新的 backtest 实例
2025-03-09 11:27:03,090 - system.tradingmodefactory - INFO - 自动注册 custom_mode (src.mode.trading_mode_factory.CustomTradingMode)
2025-03-09 11:27:03,091 - system.tradingmodefactory - INFO - 自动发现完成，注册了 4 个项目
2025-03-09 11:27:03,094 - system.tradingmodefactory - INFO - 创建新的 backtest 实例
2025-03-09 11:36:34,309 - system.tradingmodefactory - INFO - 自动注册 custom_mode (src.mode.trading_mode_factory.CustomTradingMode)
2025-03-09 11:36:34,310 - system.tradingmodefactory - INFO - 自动发现完成，注册了 4 个项目
2025-03-09 11:36:34,313 - system.tradingmodefactory - INFO - 创建新的 backtest 实例
2025-03-09 11:36:36,848 - system.tradingmodefactory - ERROR - 创建 backtest 失败: 未知策略: simple
2025-03-09 11:36:36,848 - system.tradingmodefactory - ERROR - 创建失败: 创建 backtest 失败: 未知策略: simple
2025-03-09 11:38:22,485 - system.tradingmodefactory - INFO - 自动注册 custom_mode (src.mode.trading_mode_factory.CustomTradingMode)
2025-03-09 11:38:22,486 - system.tradingmodefactory - INFO - 自动发现完成，注册了 4 个项目
2025-03-09 11:38:22,489 - system.tradingmodefactory - INFO - 创建新的 backtest 实例
2025-03-09 11:38:24,564 - system.tradingmodefactory - ERROR - 创建 backtest 失败: 未知策略: simple
2025-03-09 11:38:24,564 - system.tradingmodefactory - ERROR - 创建失败: 创建 backtest 失败: 未知策略: simple
2025-03-09 11:39:27,644 - system.tradingmodefactory - INFO - 自动注册 custom_mode (src.mode.trading_mode_factory.CustomTradingMode)
2025-03-09 11:39:27,645 - system.tradingmodefactory - INFO - 自动发现完成，注册了 4 个项目
2025-03-09 11:39:27,649 - system.tradingmodefactory - INFO - 创建新的 backtest 实例
2025-03-09 11:39:29,452 - system.tradingmodefactory - ERROR - 创建 backtest 失败: 未知策略: dualma
2025-03-09 11:39:29,453 - system.tradingmodefactory - ERROR - 创建失败: 创建 backtest 失败: 未知策略: dualma
2025-03-09 11:39:45,863 - system.tradingmodefactory - INFO - 自动注册 custom_mode (src.mode.trading_mode_factory.CustomTradingMode)
2025-03-09 11:39:45,864 - system.tradingmodefactory - INFO - 自动发现完成，注册了 4 个项目
2025-03-09 11:39:45,867 - system.tradingmodefactory - INFO - 创建新的 backtest 实例
2025-03-09 11:39:47,649 - system.tradingmodefactory - ERROR - 创建 backtest 失败: 未知策略: dualma
2025-03-09 11:39:47,651 - system.tradingmodefactory - ERROR - 创建失败: 创建 backtest 失败: 未知策略: dualma
2025-03-09 11:40:26,513 - system.tradingmodefactory - INFO - 自动注册 custom_mode (src.mode.trading_mode_factory.CustomTradingMode)
2025-03-09 11:40:26,514 - system.tradingmodefactory - INFO - 自动发现完成，注册了 4 个项目
2025-03-09 11:40:26,518 - system.tradingmodefactory - INFO - 创建新的 backtest 实例
2025-03-09 11:41:25,921 - system.tradingmodefactory - INFO - 自动注册 custom_mode (src.mode.trading_mode_factory.CustomTradingMode)
2025-03-09 11:41:25,922 - system.tradingmodefactory - INFO - 自动发现完成，注册了 4 个项目
2025-03-09 11:41:25,926 - system.tradingmodefactory - INFO - 创建新的 backtest 实例
2025-03-09 11:42:31,751 - system.tradingmodefactory - INFO - 自动注册 custom_mode (src.mode.trading_mode_factory.CustomTradingMode)
2025-03-09 11:42:31,752 - system.tradingmodefactory - INFO - 自动发现完成，注册了 4 个项目
2025-03-09 11:42:31,755 - system.tradingmodefactory - INFO - 创建新的 backtest 实例
2025-03-09 11:43:40,448 - system.tradingmodefactory - INFO - 自动注册 custom_mode (src.mode.trading_mode_factory.CustomTradingMode)
2025-03-09 11:43:40,450 - system.tradingmodefactory - INFO - 自动发现完成，注册了 4 个项目
2025-03-09 11:43:40,452 - system.tradingmodefactory - INFO - 创建新的 backtest 实例
2025-03-09 11:45:04,574 - system.tradingmodefactory - INFO - 自动注册 custom_mode (src.mode.trading_mode_factory.CustomTradingMode)
2025-03-09 11:45:04,575 - system.tradingmodefactory - INFO - 自动发现完成，注册了 4 个项目
2025-03-09 11:45:04,580 - system.tradingmodefactory - INFO - 创建新的 backtest 实例
2025-03-09 11:46:40,108 - system.tradingmodefactory - INFO - 自动注册 custom_mode (src.mode.trading_mode_factory.CustomTradingMode)
2025-03-09 11:46:40,109 - system.tradingmodefactory - INFO - 自动发现完成，注册了 4 个项目
2025-03-09 11:46:40,113 - system.tradingmodefactory - INFO - 创建新的 backtest 实例
2025-03-09 11:46:54,818 - system.tradingmodefactory - INFO - 自动注册 custom_mode (src.mode.trading_mode_factory.CustomTradingMode)
2025-03-09 11:46:54,819 - system.tradingmodefactory - INFO - 自动发现完成，注册了 4 个项目
2025-03-09 11:46:54,822 - system.tradingmodefactory - INFO - 创建新的 backtest 实例
2025-03-09 11:47:18,896 - system.tradingmodefactory - INFO - 自动注册 custom_mode (src.mode.trading_mode_factory.CustomTradingMode)
2025-03-09 11:47:18,897 - system.tradingmodefactory - INFO - 自动发现完成，注册了 4 个项目
2025-03-09 11:47:18,900 - system.tradingmodefactory - INFO - 创建新的 backtest 实例
2025-03-09 11:57:42,813 - system.tradingmodefactory - INFO - 自动注册 custom_mode (src.mode.trading_mode_factory.CustomTradingMode)
2025-03-09 11:57:42,814 - system.tradingmodefactory - INFO - 自动发现完成，注册了 4 个项目
2025-03-09 11:57:42,816 - system.tradingmodefactory - INFO - 创建新的 backtest 实例
2025-03-09 12:00:04,078 - system.tradingmodefactory - INFO - 自动注册 custom_mode (src.mode.trading_mode_factory.CustomTradingMode)
2025-03-09 12:00:04,079 - system.tradingmodefactory - INFO - 自动发现完成，注册了 4 个项目
2025-03-09 12:00:04,081 - system.tradingmodefactory - INFO - 创建新的 backtest 实例
2025-03-09 12:00:56,570 - system.tradingmodefactory - INFO - 自动注册 custom_mode (src.mode.trading_mode_factory.CustomTradingMode)
2025-03-09 12:00:56,573 - system.tradingmodefactory - INFO - 自动发现完成，注册了 4 个项目
2025-03-09 12:00:56,579 - system.tradingmodefactory - INFO - 创建新的 backtest 实例
2025-03-09 12:04:20,031 - system.tradingmodefactory - INFO - 自动注册 custom_mode (src.mode.trading_mode_factory.CustomTradingMode)
2025-03-09 12:04:20,032 - system.tradingmodefactory - INFO - 自动发现完成，注册了 4 个项目
2025-03-09 12:04:20,036 - system.tradingmodefactory - INFO - 创建新的 backtest 实例
2025-03-09 12:04:23,662 - system.tradingmodefactory - INFO - 自动注册 custom_mode (src.mode.trading_mode_factory.CustomTradingMode)
2025-03-09 12:04:23,664 - system.tradingmodefactory - INFO - 自动发现完成，注册了 4 个项目
2025-03-09 12:04:23,668 - system.tradingmodefactory - INFO - 创建新的 backtest 实例
2025-03-09 12:21:40,086 - system.tradingmodefactory - INFO - 自动注册 custom_mode (src.mode.trading_mode_factory.CustomTradingMode)
2025-03-09 12:21:40,088 - system.tradingmodefactory - INFO - 自动发现完成，注册了 4 个项目
2025-03-09 12:21:40,090 - system.tradingmodefactory - INFO - 创建新的 backtest 实例
2025-03-09 12:25:08,776 - system.tradingmodefactory - INFO - 自动注册 custom_mode (src.mode.trading_mode_factory.CustomTradingMode)
2025-03-09 12:25:08,777 - system.tradingmodefactory - INFO - 自动发现完成，注册了 4 个项目
2025-03-09 12:25:08,779 - system.tradingmodefactory - INFO - 创建新的 backtest 实例
2025-03-09 12:32:43,044 - system.tradingmodefactory - INFO - 自动注册 custom_mode (src.mode.trading_mode_factory.CustomTradingMode)
2025-03-09 12:32:43,045 - system.tradingmodefactory - INFO - 自动发现完成，注册了 4 个项目
2025-03-09 12:32:43,047 - system.tradingmodefactory - INFO - 创建新的 backtest 实例
2025-03-09 12:40:21,485 - system.tradingmodefactory - INFO - 自动注册 custom_mode (src.mode.trading_mode_factory.CustomTradingMode)
2025-03-09 12:40:21,487 - system.tradingmodefactory - INFO - 自动发现完成，注册了 4 个项目
2025-03-09 12:40:21,490 - system.tradingmodefactory - INFO - 创建新的 backtest 实例
2025-03-09 12:48:20,665 - system.tradingmodefactory - INFO - 自动注册 custom_mode (src.mode.trading_mode_factory.CustomTradingMode)
2025-03-09 12:48:20,667 - system.tradingmodefactory - INFO - 自动发现完成，注册了 4 个项目
2025-03-09 12:48:20,669 - system.tradingmodefactory - INFO - 创建新的 backtest 实例
2025-03-09 12:55:31,517 - system.tradingmodefactory - INFO - 自动注册 custom_mode (src.mode.trading_mode_factory.CustomTradingMode)
2025-03-09 12:55:31,518 - system.tradingmodefactory - INFO - 自动发现完成，注册了 4 个项目
2025-03-09 12:55:31,521 - system.tradingmodefactory - INFO - 创建新的 backtest 实例
2025-03-09 13:01:33,544 - system.tradingmodefactory - INFO - 自动注册 custom_mode (src.mode.trading_mode_factory.CustomTradingMode)
2025-03-09 13:01:33,545 - system.tradingmodefactory - INFO - 自动发现完成，注册了 4 个项目
2025-03-09 13:01:33,548 - system.tradingmodefactory - INFO - 创建新的 backtest 实例
2025-03-09 13:05:38,483 - system.tradingmodefactory - INFO - 自动注册 custom_mode (src.mode.trading_mode_factory.CustomTradingMode)
2025-03-09 13:05:38,484 - system.tradingmodefactory - INFO - 自动发现完成，注册了 4 个项目
2025-03-09 13:05:38,488 - system.tradingmodefactory - INFO - 创建新的 backtest 实例
2025-03-09 13:11:36,216 - system.tradingmodefactory - INFO - 自动注册 custom_mode (src.mode.trading_mode_factory.CustomTradingMode)
2025-03-09 13:11:36,216 - system.tradingmodefactory - INFO - 自动发现完成，注册了 4 个项目
2025-03-09 13:11:36,220 - system.tradingmodefactory - INFO - 创建新的 backtest 实例
2025-03-09 13:17:54,179 - system.tradingmodefactory - INFO - 自动注册 custom_mode (src.mode.trading_mode_factory.CustomTradingMode)
2025-03-09 13:17:54,180 - system.tradingmodefactory - INFO - 自动发现完成，注册了 4 个项目
2025-03-09 13:17:54,184 - system.tradingmodefactory - INFO - 创建新的 backtest 实例
2025-03-09 13:19:57,988 - system.tradingmodefactory - INFO - 自动注册 custom_mode (src.mode.trading_mode_factory.CustomTradingMode)
2025-03-09 13:19:57,989 - system.tradingmodefactory - INFO - 自动发现完成，注册了 4 个项目
2025-03-09 13:19:57,991 - system.tradingmodefactory - INFO - 创建新的 backtest 实例
2025-03-09 13:39:04,203 - system.tradingmodefactory - INFO - 自动注册 custom_mode (src.mode.trading_mode_factory.CustomTradingMode)
2025-03-09 13:39:04,204 - system.tradingmodefactory - INFO - 自动发现完成，注册了 4 个项目
2025-03-09 13:39:04,207 - system.tradingmodefactory - INFO - 创建新的 backtest 实例
2025-03-09 13:43:31,084 - system.tradingmodefactory - INFO - 自动注册 custom_mode (src.mode.trading_mode_factory.CustomTradingMode)
2025-03-09 13:43:31,087 - system.tradingmodefactory - INFO - 自动发现完成，注册了 4 个项目
2025-03-09 13:43:31,095 - system.tradingmodefactory - INFO - 创建新的 backtest 实例
2025-03-09 15:03:32,729 - system.tradingmodefactory - INFO - 自动注册 custom_mode (src.mode.trading_mode_factory.CustomTradingMode)
2025-03-09 15:03:32,730 - system.tradingmodefactory - INFO - 自动发现完成，注册了 4 个项目
2025-03-09 15:03:32,733 - system.tradingmodefactory - INFO - 创建新的 backtest 实例
2025-03-09 15:04:50,211 - system.tradingmodefactory - INFO - 自动注册 custom_mode (src.mode.trading_mode_factory.CustomTradingMode)
2025-03-09 15:04:50,213 - system.tradingmodefactory - INFO - 自动发现完成，注册了 4 个项目
2025-03-09 15:04:50,215 - system.tradingmodefactory - INFO - 创建新的 backtest 实例
2025-03-09 15:05:36,716 - system.tradingmodefactory - INFO - 自动注册 custom_mode (src.mode.trading_mode_factory.CustomTradingMode)
2025-03-09 15:05:36,717 - system.tradingmodefactory - INFO - 自动发现完成，注册了 4 个项目
2025-03-09 15:05:36,719 - system.tradingmodefactory - INFO - 创建新的 backtest 实例
2025-03-09 15:06:16,606 - system.tradingmodefactory - INFO - 自动注册 custom_mode (src.mode.trading_mode_factory.CustomTradingMode)
2025-03-09 15:06:16,607 - system.tradingmodefactory - INFO - 自动发现完成，注册了 4 个项目
2025-03-09 15:06:16,609 - system.tradingmodefactory - INFO - 创建新的 backtest 实例
2025-03-09 15:06:38,516 - system.tradingmodefactory - INFO - 自动注册 custom_mode (src.mode.trading_mode_factory.CustomTradingMode)
2025-03-09 15:06:38,516 - system.tradingmodefactory - INFO - 自动发现完成，注册了 4 个项目
2025-03-09 15:06:38,529 - system.tradingmodefactory - INFO - 创建新的 backtest 实例
2025-03-09 15:06:47,646 - system.tradingmodefactory - INFO - 自动注册 custom_mode (src.mode.trading_mode_factory.CustomTradingMode)
2025-03-09 15:06:47,649 - system.tradingmodefactory - INFO - 自动发现完成，注册了 4 个项目
2025-03-09 15:06:47,656 - system.tradingmodefactory - INFO - 创建新的 backtest 实例
2025-03-09 15:07:02,831 - system.tradingmodefactory - INFO - 自动注册 custom_mode (src.mode.trading_mode_factory.CustomTradingMode)
2025-03-09 15:07:02,833 - system.tradingmodefactory - INFO - 自动发现完成，注册了 4 个项目
2025-03-09 15:07:02,837 - system.tradingmodefactory - INFO - 创建新的 backtest 实例
2025-03-09 15:24:40,766 - system.tradingmodefactory - INFO - 自动注册 custom_mode (src.mode.trading_mode_factory.CustomTradingMode)
2025-03-09 15:24:40,767 - system.tradingmodefactory - INFO - 自动发现完成，注册了 4 个项目
2025-03-09 15:24:40,769 - system.tradingmodefactory - INFO - 创建新的 backtest 实例
2025-03-09 15:25:30,199 - system.tradingmodefactory - INFO - 自动注册 custom_mode (src.mode.trading_mode_factory.CustomTradingMode)
2025-03-09 15:25:30,200 - system.tradingmodefactory - INFO - 自动发现完成，注册了 4 个项目
2025-03-09 15:25:30,202 - system.tradingmodefactory - INFO - 创建新的 backtest 实例
2025-03-09 15:26:18,954 - system.tradingmodefactory - INFO - 自动注册 custom_mode (src.mode.trading_mode_factory.CustomTradingMode)
2025-03-09 15:26:18,955 - system.tradingmodefactory - INFO - 自动发现完成，注册了 4 个项目
2025-03-09 15:26:18,957 - system.tradingmodefactory - INFO - 创建新的 backtest 实例
2025-03-09 15:26:53,902 - system.tradingmodefactory - INFO - 自动注册 custom_mode (src.mode.trading_mode_factory.CustomTradingMode)
2025-03-09 15:26:53,902 - system.tradingmodefactory - INFO - 自动发现完成，注册了 4 个项目
2025-03-09 15:26:53,905 - system.tradingmodefactory - INFO - 创建新的 backtest 实例
2025-03-09 15:27:10,199 - system.tradingmodefactory - INFO - 自动注册 custom_mode (src.mode.trading_mode_factory.CustomTradingMode)
2025-03-09 15:27:10,200 - system.tradingmodefactory - INFO - 自动发现完成，注册了 4 个项目
2025-03-09 15:27:10,203 - system.tradingmodefactory - INFO - 创建新的 backtest 实例
2025-03-09 15:29:30,884 - system.tradingmodefactory - INFO - 自动注册 custom_mode (src.mode.trading_mode_factory.CustomTradingMode)
2025-03-09 15:29:30,886 - system.tradingmodefactory - INFO - 自动发现完成，注册了 4 个项目
2025-03-09 15:29:30,888 - system.tradingmodefactory - INFO - 创建新的 backtest 实例
2025-03-09 15:29:48,708 - system.tradingmodefactory - INFO - 自动注册 custom_mode (src.mode.trading_mode_factory.CustomTradingMode)
2025-03-09 15:29:48,710 - system.tradingmodefactory - INFO - 自动发现完成，注册了 4 个项目
2025-03-09 15:29:48,714 - system.tradingmodefactory - INFO - 创建新的 backtest 实例
2025-03-09 15:35:11,752 - system.tradingmodefactory - INFO - 自动注册 custom_mode (src.mode.trading_mode_factory.CustomTradingMode)
2025-03-09 15:35:11,753 - system.tradingmodefactory - INFO - 自动发现完成，注册了 4 个项目
2025-03-09 15:35:11,756 - system.tradingmodefactory - INFO - 创建新的 backtest 实例
2025-03-09 15:36:22,052 - system.tradingmodefactory - INFO - 自动注册 custom_mode (src.mode.trading_mode_factory.CustomTradingMode)
2025-03-09 15:36:22,053 - system.tradingmodefactory - INFO - 自动发现完成，注册了 4 个项目
2025-03-09 15:36:22,056 - system.tradingmodefactory - INFO - 创建新的 backtest 实例
2025-03-09 15:39:18,235 - system.tradingmodefactory - INFO - 自动注册 custom_mode (src.mode.trading_mode_factory.CustomTradingMode)
2025-03-09 15:39:18,236 - system.tradingmodefactory - INFO - 自动发现完成，注册了 4 个项目
2025-03-09 15:39:18,240 - system.tradingmodefactory - INFO - 创建新的 backtest 实例
2025-03-09 15:42:31,648 - system.tradingmodefactory - INFO - 自动注册 custom_mode (src.mode.trading_mode_factory.CustomTradingMode)
2025-03-09 15:42:31,649 - system.tradingmodefactory - INFO - 自动发现完成，注册了 4 个项目
2025-03-09 15:42:31,652 - system.tradingmodefactory - INFO - 创建新的 backtest 实例
2025-03-09 15:43:58,982 - system.tradingmodefactory - INFO - 自动注册 custom_mode (src.mode.trading_mode_factory.CustomTradingMode)
2025-03-09 15:43:58,983 - system.tradingmodefactory - INFO - 自动发现完成，注册了 4 个项目
2025-03-09 15:43:58,985 - system.tradingmodefactory - INFO - 创建新的 backtest 实例
2025-03-09 15:44:15,700 - system.tradingmodefactory - INFO - 自动注册 custom_mode (src.mode.trading_mode_factory.CustomTradingMode)
2025-03-09 15:44:15,701 - system.tradingmodefactory - INFO - 自动发现完成，注册了 4 个项目
2025-03-09 15:44:15,705 - system.tradingmodefactory - INFO - 创建新的 backtest 实例
2025-03-09 15:44:25,473 - system.tradingmodefactory - INFO - 自动注册 custom_mode (src.mode.trading_mode_factory.CustomTradingMode)
2025-03-09 15:44:25,474 - system.tradingmodefactory - INFO - 自动发现完成，注册了 4 个项目
2025-03-09 15:44:25,477 - system.tradingmodefactory - INFO - 创建新的 backtest 实例
2025-03-09 15:44:54,137 - system.tradingmodefactory - INFO - 自动注册 custom_mode (src.mode.trading_mode_factory.CustomTradingMode)
2025-03-09 15:44:54,142 - system.tradingmodefactory - INFO - 自动发现完成，注册了 4 个项目
2025-03-09 15:44:54,144 - system.tradingmodefactory - INFO - 创建新的 backtest 实例
2025-03-09 16:04:13,373 - system.tradingmodefactory - INFO - 自动注册 custom_mode (src.mode.trading_mode_factory.CustomTradingMode)
2025-03-09 16:04:13,375 - system.tradingmodefactory - INFO - 自动发现完成，注册了 4 个项目
2025-03-09 16:04:13,377 - system.tradingmodefactory - INFO - 创建新的 backtest 实例
2025-03-09 16:04:23,186 - system.tradingmodefactory - INFO - 自动注册 custom_mode (src.mode.trading_mode_factory.CustomTradingMode)
2025-03-09 16:04:23,188 - system.tradingmodefactory - INFO - 自动发现完成，注册了 4 个项目
2025-03-09 16:04:23,190 - system.tradingmodefactory - INFO - 创建新的 backtest 实例
2025-03-09 16:06:01,421 - system.tradingmodefactory - INFO - 自动注册 custom_mode (src.mode.trading_mode_factory.CustomTradingMode)
2025-03-09 16:06:01,422 - system.tradingmodefactory - INFO - 自动发现完成，注册了 4 个项目
2025-03-09 16:06:01,424 - system.tradingmodefactory - INFO - 创建新的 backtest 实例
2025-03-09 16:11:43,560 - system.tradingmodefactory - INFO - 自动注册 custom_mode (src.mode.trading_mode_factory.CustomTradingMode)
2025-03-09 16:11:43,562 - system.tradingmodefactory - INFO - 自动发现完成，注册了 4 个项目
2025-03-09 16:11:43,568 - system.tradingmodefactory - INFO - 创建新的 backtest 实例
2025-03-09 16:12:41,008 - system.tradingmodefactory - INFO - 自动注册 custom_mode (src.mode.trading_mode_factory.CustomTradingMode)
2025-03-09 16:12:41,009 - system.tradingmodefactory - INFO - 自动发现完成，注册了 4 个项目
2025-03-09 16:12:41,012 - system.tradingmodefactory - INFO - 创建新的 backtest 实例
2025-03-09 16:13:10,554 - system.tradingmodefactory - INFO - 自动注册 custom_mode (src.mode.trading_mode_factory.CustomTradingMode)
2025-03-09 16:13:10,556 - system.tradingmodefactory - INFO - 自动发现完成，注册了 4 个项目
2025-03-09 16:13:10,560 - system.tradingmodefactory - INFO - 创建新的 backtest 实例
2025-03-09 16:13:56,929 - system.tradingmodefactory - INFO - 自动注册 custom_mode (src.mode.trading_mode_factory.CustomTradingMode)
2025-03-09 16:13:56,930 - system.tradingmodefactory - INFO - 自动发现完成，注册了 4 个项目
2025-03-09 16:13:56,934 - system.tradingmodefactory - INFO - 创建新的 backtest 实例
2025-03-09 16:14:33,347 - system.tradingmodefactory - INFO - 自动注册 custom_mode (src.mode.trading_mode_factory.CustomTradingMode)
2025-03-09 16:14:33,348 - system.tradingmodefactory - INFO - 自动发现完成，注册了 4 个项目
2025-03-09 16:14:33,351 - system.tradingmodefactory - INFO - 创建新的 backtest 实例
2025-03-09 16:15:11,379 - system.tradingmodefactory - INFO - 自动注册 custom_mode (src.mode.trading_mode_factory.CustomTradingMode)
2025-03-09 16:15:11,379 - system.tradingmodefactory - INFO - 自动发现完成，注册了 4 个项目
2025-03-09 16:15:11,381 - system.tradingmodefactory - INFO - 创建新的 backtest 实例
2025-03-09 16:16:10,271 - system.tradingmodefactory - INFO - 自动注册 custom_mode (src.mode.trading_mode_factory.CustomTradingMode)
2025-03-09 16:16:10,272 - system.tradingmodefactory - INFO - 自动发现完成，注册了 4 个项目
2025-03-09 16:16:10,275 - system.tradingmodefactory - INFO - 创建新的 backtest 实例
2025-03-09 16:18:33,646 - system.tradingmodefactory - INFO - 自动注册 custom_mode (src.mode.trading_mode_factory.CustomTradingMode)
2025-03-09 16:18:33,647 - system.tradingmodefactory - INFO - 自动发现完成，注册了 4 个项目
2025-03-09 16:18:33,649 - system.tradingmodefactory - INFO - 创建新的 backtest 实例
2025-03-09 16:19:08,203 - system.tradingmodefactory - INFO - 自动注册 custom_mode (src.mode.trading_mode_factory.CustomTradingMode)
2025-03-09 16:19:08,205 - system.tradingmodefactory - INFO - 自动发现完成，注册了 4 个项目
2025-03-09 16:19:08,208 - system.tradingmodefactory - INFO - 创建新的 backtest 实例
2025-03-09 16:28:53,359 - system.tradingmodefactory - INFO - 自动注册 custom_mode (src.mode.trading_mode_factory.CustomTradingMode)
2025-03-09 16:28:53,360 - system.tradingmodefactory - INFO - 自动发现完成，注册了 4 个项目
2025-03-09 16:28:53,362 - system.tradingmodefactory - INFO - 创建新的 backtest 实例
2025-03-09 16:33:06,405 - system.tradingmodefactory - INFO - 自动注册 custom_mode (src.mode.trading_mode_factory.CustomTradingMode)
2025-03-09 16:33:06,406 - system.tradingmodefactory - INFO - 自动发现完成，注册了 4 个项目
2025-03-09 16:33:06,409 - system.tradingmodefactory - INFO - 创建新的 backtest 实例
2025-03-09 16:34:05,573 - system.tradingmodefactory - INFO - 自动注册 custom_mode (src.mode.trading_mode_factory.CustomTradingMode)
2025-03-09 16:34:05,576 - system.tradingmodefactory - INFO - 自动发现完成，注册了 4 个项目
2025-03-09 16:34:05,582 - system.tradingmodefactory - INFO - 创建新的 backtest 实例
2025-03-09 16:34:51,731 - system.tradingmodefactory - INFO - 自动注册 custom_mode (src.mode.trading_mode_factory.CustomTradingMode)
2025-03-09 16:34:51,733 - system.tradingmodefactory - INFO - 自动发现完成，注册了 4 个项目
2025-03-09 16:34:51,737 - system.tradingmodefactory - INFO - 创建新的 backtest 实例
2025-03-09 16:39:56,035 - system.tradingmodefactory - INFO - 自动注册 custom_mode (src.mode.trading_mode_factory.CustomTradingMode)
2025-03-09 16:39:56,036 - system.tradingmodefactory - INFO - 自动发现完成，注册了 4 个项目
2025-03-09 16:39:56,039 - system.tradingmodefactory - INFO - 创建新的 backtest 实例
2025-03-09 16:42:04,013 - system.tradingmodefactory - INFO - 自动注册 custom_mode (src.mode.trading_mode_factory.CustomTradingMode)
2025-03-09 16:42:04,014 - system.tradingmodefactory - INFO - 自动发现完成，注册了 4 个项目
2025-03-09 16:42:04,017 - system.tradingmodefactory - INFO - 创建新的 backtest 实例
2025-03-09 16:43:05,591 - system.tradingmodefactory - INFO - 自动注册 custom_mode (src.mode.trading_mode_factory.CustomTradingMode)
2025-03-09 16:43:05,592 - system.tradingmodefactory - INFO - 自动发现完成，注册了 4 个项目
2025-03-09 16:43:05,594 - system.tradingmodefactory - INFO - 创建新的 backtest 实例
2025-03-09 16:44:12,567 - system.tradingmodefactory - INFO - 自动注册 custom_mode (src.mode.trading_mode_factory.CustomTradingMode)
2025-03-09 16:44:12,568 - system.tradingmodefactory - INFO - 自动发现完成，注册了 4 个项目
2025-03-09 16:44:12,570 - system.tradingmodefactory - INFO - 创建新的 backtest 实例
2025-03-09 16:44:31,227 - system.tradingmodefactory - INFO - 自动注册 custom_mode (src.mode.trading_mode_factory.CustomTradingMode)
2025-03-09 16:44:31,228 - system.tradingmodefactory - INFO - 自动发现完成，注册了 4 个项目
2025-03-09 16:44:31,230 - system.tradingmodefactory - INFO - 创建新的 backtest 实例
2025-03-09 16:49:56,922 - system.tradingmodefactory - INFO - 自动注册 custom_mode (src.mode.trading_mode_factory.CustomTradingMode)
2025-03-09 16:49:56,923 - system.tradingmodefactory - INFO - 自动发现完成，注册了 4 个项目
2025-03-09 16:49:56,926 - system.tradingmodefactory - INFO - 创建新的 backtest 实例
2025-03-09 16:52:22,276 - system.tradingmodefactory - INFO - 自动注册 custom_mode (src.mode.trading_mode_factory.CustomTradingMode)
2025-03-09 16:52:22,277 - system.tradingmodefactory - INFO - 自动发现完成，注册了 4 个项目
2025-03-09 16:52:22,279 - system.tradingmodefactory - INFO - 创建新的 backtest 实例
2025-03-09 17:01:53,862 - system.tradingmodefactory - INFO - 自动注册 custom_mode (src.mode.trading_mode_factory.CustomTradingMode)
2025-03-09 17:01:53,863 - system.tradingmodefactory - INFO - 自动发现完成，注册了 4 个项目
2025-03-09 17:01:53,869 - system.tradingmodefactory - INFO - 创建新的 backtest 实例
2025-03-09 17:05:09,647 - system.tradingmodefactory - INFO - 自动注册 custom_mode (src.mode.trading_mode_factory.CustomTradingMode)
2025-03-09 17:05:09,650 - system.tradingmodefactory - INFO - 自动发现完成，注册了 4 个项目
2025-03-09 17:05:09,654 - system.tradingmodefactory - INFO - 创建新的 backtest 实例
2025-03-09 17:05:28,935 - system.tradingmodefactory - INFO - 自动注册 custom_mode (src.mode.trading_mode_factory.CustomTradingMode)
2025-03-09 17:05:28,936 - system.tradingmodefactory - INFO - 自动发现完成，注册了 4 个项目
2025-03-09 17:05:28,939 - system.tradingmodefactory - INFO - 创建新的 backtest 实例
2025-03-09 17:06:33,751 - system.tradingmodefactory - INFO - 自动注册 custom_mode (src.mode.trading_mode_factory.CustomTradingMode)
2025-03-09 17:06:33,752 - system.tradingmodefactory - INFO - 自动发现完成，注册了 4 个项目
2025-03-09 17:06:33,755 - system.tradingmodefactory - INFO - 创建新的 backtest 实例
2025-03-09 17:09:26,720 - system.tradingmodefactory - INFO - 自动注册 custom_mode (src.mode.trading_mode_factory.CustomTradingMode)
2025-03-09 17:09:26,721 - system.tradingmodefactory - INFO - 自动发现完成，注册了 4 个项目
2025-03-09 17:09:26,724 - system.tradingmodefactory - INFO - 创建新的 backtest 实例
2025-03-09 17:09:42,658 - system.tradingmodefactory - INFO - 自动注册 custom_mode (src.mode.trading_mode_factory.CustomTradingMode)
2025-03-09 17:09:42,659 - system.tradingmodefactory - INFO - 自动发现完成，注册了 4 个项目
2025-03-09 17:09:42,661 - system.tradingmodefactory - INFO - 创建新的 backtest 实例
2025-03-09 17:10:38,083 - system.tradingmodefactory - INFO - 自动注册 custom_mode (src.mode.trading_mode_factory.CustomTradingMode)
2025-03-09 17:10:38,084 - system.tradingmodefactory - INFO - 自动发现完成，注册了 4 个项目
2025-03-09 17:10:38,087 - system.tradingmodefactory - INFO - 创建新的 backtest 实例
2025-03-09 17:15:40,832 - system.tradingmodefactory - INFO - 自动注册 custom_mode (src.mode.trading_mode_factory.CustomTradingMode)
2025-03-09 17:15:40,833 - system.tradingmodefactory - INFO - 自动发现完成，注册了 4 个项目
2025-03-09 17:15:40,835 - system.tradingmodefactory - INFO - 创建新的 backtest 实例
2025-03-09 17:16:13,429 - system.tradingmodefactory - INFO - 自动注册 custom_mode (src.mode.trading_mode_factory.CustomTradingMode)
2025-03-09 17:16:13,430 - system.tradingmodefactory - INFO - 自动发现完成，注册了 4 个项目
2025-03-09 17:16:13,433 - system.tradingmodefactory - INFO - 创建新的 backtest 实例
2025-03-09 17:16:58,625 - system.tradingmodefactory - INFO - 自动注册 custom_mode (src.mode.trading_mode_factory.CustomTradingMode)
2025-03-09 17:16:58,627 - system.tradingmodefactory - INFO - 自动发现完成，注册了 4 个项目
2025-03-09 17:16:58,629 - system.tradingmodefactory - INFO - 创建新的 backtest 实例
2025-03-09 17:18:24,003 - system.tradingmodefactory - INFO - 自动注册 custom_mode (src.mode.trading_mode_factory.CustomTradingMode)
2025-03-09 17:18:24,004 - system.tradingmodefactory - INFO - 自动发现完成，注册了 4 个项目
2025-03-09 17:18:24,006 - system.tradingmodefactory - INFO - 创建新的 backtest 实例
2025-03-09 17:23:11,239 - system.tradingmodefactory - INFO - 自动注册 custom_mode (src.mode.trading_mode_factory.CustomTradingMode)
2025-03-09 17:23:11,241 - system.tradingmodefactory - INFO - 自动发现完成，注册了 4 个项目
2025-03-09 17:23:11,247 - system.tradingmodefactory - INFO - 创建新的 backtest 实例
2025-03-09 17:24:40,937 - system.tradingmodefactory - INFO - 自动注册 custom_mode (src.mode.trading_mode_factory.CustomTradingMode)
2025-03-09 17:24:40,938 - system.tradingmodefactory - INFO - 自动发现完成，注册了 4 个项目
2025-03-09 17:24:40,940 - system.tradingmodefactory - INFO - 创建新的 backtest 实例
2025-03-09 17:27:11,424 - system.tradingmodefactory - INFO - 自动注册 custom_mode (src.mode.trading_mode_factory.CustomTradingMode)
2025-03-09 17:27:11,425 - system.tradingmodefactory - INFO - 自动发现完成，注册了 4 个项目
2025-03-09 17:27:11,427 - system.tradingmodefactory - INFO - 创建新的 backtest 实例
